============================= test session starts ==============================
platform linux -- Python 3.8.18, pytest-8.2.1, pluggy-1.5.0
rootdir: /app
plugins: anyio-3.7.1
collected 0 items / 1 error

==================================== ERRORS ====================================
___________________ ERROR collecting tests/test_WebServer.py ___________________
ImportError while importing test module '/app/tests/test_WebServer.py'.
Hint: make sure your test modules/packages have valid Python names.
Traceback:
/usr/local/lib/python3.8/importlib/__init__.py:127: in import_module
    return _bootstrap._gcd_import(name[level:], package, level)
tests/test_WebServer.py:3: in <module>
    from webapp import app
E   ModuleNotFoundError: No module named 'webapp'
=========================== short test summary info ============================
ERROR tests/test_WebServer.py
!!!!!!!!!!!!!!!!!!!! Interrupted: 1 error during collection !!!!!!!!!!!!!!!!!!!!
=============================== 1 error in 0.88s ===============================
